<?xml version="1.0" encoding="UTF-8" ?>
<testsuite tests="10" failures="0" name="test.java.RoomTest" time="0" errors="0" skipped="0">
  <properties>
    <property name="java.runtime.name" value="Java(TM) SE Runtime Environment"/>
    <property name="sun.boot.library.path" value="C:\Program Files\Java\jdk1.8.0_144\jre\bin"/>
    <property name="java.vm.version" value="25.144-b01"/>
    <property name="java.vm.vendor" value="Oracle Corporation"/>
    <property name="maven.multiModuleProjectDirectory" value="E:\Marist\Semester2\SoftwareVerificationAndMaintenance\roomScheduler"/>
    <property name="java.vendor.url" value="http://java.oracle.com/"/>
    <property name="path.separator" value=";"/>
    <property name="guice.disable.misplaced.annotation.check" value="true"/>
    <property name="java.vm.name" value="Java HotSpot(TM) 64-Bit Server VM"/>
    <property name="file.encoding.pkg" value="sun.io"/>
    <property name="user.script" value=""/>
    <property name="user.country" value="US"/>
    <property name="sun.java.launcher" value="SUN_STANDARD"/>
    <property name="sun.os.patch.level" value=""/>
    <property name="java.vm.specification.name" value="Java Virtual Machine Specification"/>
    <property name="user.dir" value="E:\Marist\Semester2\SoftwareVerificationAndMaintenance\roomScheduler"/>
    <property name="java.runtime.version" value="1.8.0_144-b01"/>
    <property name="java.awt.graphicsenv" value="sun.awt.Win32GraphicsEnvironment"/>
    <property name="java.endorsed.dirs" value="C:\Program Files\Java\jdk1.8.0_144\jre\lib\endorsed"/>
    <property name="os.arch" value="amd64"/>
    <property name="java.io.tmpdir" value="C:\Users\Vivek-Pc\AppData\Local\Temp\"/>
    <property name="line.separator" value="
"/>
    <property name="java.vm.specification.vendor" value="Oracle Corporation"/>
    <property name="user.variant" value=""/>
    <property name="os.name" value="Windows 10"/>
    <property name="classworlds.conf" value="C:\Program Files\Apache\maven\bin\..\bin\m2.conf"/>
    <property name="sun.jnu.encoding" value="Cp1252"/>
    <property name="java.library.path" value="C:\Program Files\Java\jdk1.8.0_144\bin;C:\WINDOWS\Sun\Java\bin;C:\WINDOWS\system32;C:\WINDOWS;C:\Developer\Python36\Scripts\;C:\Developer\Python36\;C:\PROGRAMDATA\ORACLE\JAVA\JAVAPATH;C:\WINDOWS\SYSTEM32;C:\WINDOWS;C:\WINDOWS\SYSTEM32\WBEM;C:\WINDOWS\SYSTEM32\WINDOWSPOWERSHELL\V1.0\;C:\PROGRAM FILES\JAVA\JDK1.8.0_144\BIN;C:\PROGRAM FILES\JAVA\JRE1.8.0_144\BIN;C:\Program Files\Apache\maven\bin;C:\Program Files (x86)\QuickTime\QTSystem\;C:\Program Files\Git\cmd;C:\WINDOWS\system32;C:\WINDOWS;C:\WINDOWS\System32\Wbem;C:\WINDOWS\System32\WindowsPowerShell\v1.0\;C:\WINDOWS\System32\OpenSSH\;C:\Program Files (x86)\PICT\;C:\Users\Vivek-Pc\AppData\Local\Microsoft\WindowsApps;C:\Users\Vivek-Pc\AppData\Local\GitHubDesktop\bin;E:\Marist\Semester2\SoftwareVerificationAndMaintenance\sonar-scanner-cli-3.0.3.778-windows\sonar-scanner-3.0.3.778-windows\bin;E:\Marist\Semester2\SoftwareVerificationAndMaintenance\sonarqube-7.0\sonarqube-7.0\bin;E:\Marist\Semester2\SoftwareVerificationAndMaintenance\sonarqube-7.0\sonarqube-7.0\bin\windows-x86-64;C:\Program Files\Apache\maven;C:\Program Files\Apache\maven\bin;C:\Program Files\Microsoft VS Code\bin;C:\Dev\Python3;C:\Program Files\Redis;C:\Program Files (x86)\Jenkins;;C:\Users\Vivek-Pc\AppData\Local\Microsoft\WindowsApps;C:\Program Files\Docker Toolbox;."/>
    <property name="maven.conf" value="C:\Program Files\Apache\maven\bin\../conf"/>
    <property name="java.specification.name" value="Java Platform API Specification"/>
    <property name="java.class.version" value="52.0"/>
    <property name="sun.management.compiler" value="HotSpot 64-Bit Tiered Compilers"/>
    <property name="os.version" value="10.0"/>
    <property name="library.jansi.path" value="C:\Program Files\Apache\maven\bin\..\lib\jansi-native"/>
    <property name="user.home" value="C:\Users\Vivek-Pc"/>
    <property name="user.timezone" value="America/New_York"/>
    <property name="java.awt.printerjob" value="sun.awt.windows.WPrinterJob"/>
    <property name="java.specification.version" value="1.8"/>
    <property name="file.encoding" value="Cp1252"/>
    <property name="user.name" value="Vivek-Pc"/>
    <property name="java.class.path" value="C:\Program Files\Apache\maven\bin\..\boot\plexus-classworlds-2.5.2.jar"/>
    <property name="java.vm.specification.version" value="1.8"/>
    <property name="sun.arch.data.model" value="64"/>
    <property name="java.home" value="C:\Program Files\Java\jdk1.8.0_144\jre"/>
    <property name="sun.java.command" value="org.codehaus.plexus.classworlds.launcher.Launcher clean install package test site"/>
    <property name="java.specification.vendor" value="Oracle Corporation"/>
    <property name="user.language" value="en"/>
    <property name="awt.toolkit" value="sun.awt.windows.WToolkit"/>
    <property name="java.vm.info" value="mixed mode"/>
    <property name="java.version" value="1.8.0_144"/>
    <property name="java.ext.dirs" value="C:\Program Files\Java\jdk1.8.0_144\jre\lib\ext;C:\WINDOWS\Sun\Java\lib\ext"/>
    <property name="sun.boot.class.path" value="C:\Program Files\Java\jdk1.8.0_144\jre\lib\resources.jar;C:\Program Files\Java\jdk1.8.0_144\jre\lib\rt.jar;C:\Program Files\Java\jdk1.8.0_144\jre\lib\sunrsasign.jar;C:\Program Files\Java\jdk1.8.0_144\jre\lib\jsse.jar;C:\Program Files\Java\jdk1.8.0_144\jre\lib\jce.jar;C:\Program Files\Java\jdk1.8.0_144\jre\lib\charsets.jar;C:\Program Files\Java\jdk1.8.0_144\jre\lib\jfr.jar;C:\Program Files\Java\jdk1.8.0_144\jre\classes"/>
    <property name="sun.stderr.encoding" value="cp437"/>
    <property name="java.vendor" value="Oracle Corporation"/>
    <property name="maven.home" value="C:\Program Files\Apache\maven\bin\.."/>
    <property name="file.separator" value="\"/>
    <property name="java.vendor.url.bug" value="http://bugreport.sun.com/bugreport/"/>
    <property name="sun.cpu.endian" value="little"/>
    <property name="sun.io.unicode.encoding" value="UnicodeLittle"/>
    <property name="sun.stdout.encoding" value="cp437"/>
    <property name="sun.desktop" value="windows"/>
    <property name="sun.cpu.isalist" value="amd64"/>
  </properties>
  <testcase classname="test.java.RoomTest" name="testSetLocation" time="0"/>
  <testcase classname="test.java.RoomTest" name="testGetLocation" time="0"/>
  <testcase classname="test.java.RoomTest" name="testGetName" time="0"/>
  <testcase classname="test.java.RoomTest" name="testSetBuilding" time="0"/>
  <testcase classname="test.java.RoomTest" name="testGetBuilding" time="0"/>
  <testcase classname="test.java.RoomTest" name="testSetMeetings" time="0"/>
  <testcase classname="test.java.RoomTest" name="testGetMeetings" time="0"/>
  <testcase classname="test.java.RoomTest" name="testSetCapacity" time="0"/>
  <testcase classname="test.java.RoomTest" name="testGetCapacity" time="0"/>
  <testcase classname="test.java.RoomTest" name="testSetName" time="0"/>
</testsuite>